<?xml version="1.0" encoding="UTF-8"?>
<!-- Generated by org.testng.reporters.JUnitXMLReporter -->
<testsuite ignored="0" hostname="Ozole" failures="0" tests="4" name="Default test" time="408.359" errors="0" timestamp="2023-08-01T11:15:35 IST">
  <testcase classname="testPages.LoginPage_Tests" name="APMTlogins" time="8.609"/>
  <testcase classname="testPages.LoginPage_Tests" name="APMTlogins" time="8.75"/>
  <testcase classname="testPages.LoginPage_Tests" name="APMTlogins" time="8.55"/>
  <testcase classname="testPages.LoginPage_Tests" name="APMTlogins" time="8.591"/>
</testsuite> <!-- Default test -->
